/n/holylabs/LABS/sham_lab/Lab/lillian/DP-AdamW /n/holylabs/LABS/sham_lab/Lab/lillian/DP-AdamW
Activating conda environment
{'activation': 'tanh',
 'adam_corr': True,
 'adam_corr_after_epoch': -1,
 'augmult_num': 0,
 'batch_size': 1024,
 'beta_1': 0.9,
 'beta_2': 0.999,
 'classifier_model': 'CNN5',
 'clipping_only': False,
 'cosine_lr': False,
 'data_dir': '/tmp/data',
 'dataset': 'CIFAR10',
 'debug': False,
 'delta': 1e-05,
 'dict_path': '/tmp',
 'disable_jit': False,
 'dp_l2_norm_clip': 3.0,
 'dp_noise_multiplier': 1.0,
 'dp_sampling': False,
 'elu_alpha': 1.0,
 'ema': False,
 'epochs': 70,
 'eps': 1e-08,
 'eps_root': 1e-09,
 'eval_every': 1000,
 'exp_group': 'jax',
 'exp_name': 'cifar10_cnn5_dpadam_eps_1',
 'exp_proj': 'dp-adamw',
 'gamma_decay': 1.0,
 'imp_max': 1,
 'imp_min': 0,
 'learning_rate': 5e-06,
 'lr_decay': 1.0,
 'n_data_workers': 0,
 'negative_slope': 0.2,
 'normalization': 'none',
 'num_classes': 10,
 'optimizer': 'sgd',
 'out_path': '$HOME/tmp',
 'priv_accountant': 'prv',
 'progress_bar': True,
 'reload_ckpt_idx': None,
 'reload_ckpt_path': None,
 'resnet_depth': 16,
 'resnet_width': 4,
 'seed': 1024,
 'sgd_momentum': False,
 'target_eps': 1.0,
 'tmp_bias': 0,
 'trainer': 'DPAdam',
 'weight_standardization': False}




DONE
